{"C:\\Users\\17and\\Desktop\\trabalho Sergio\\GCEIC26\\api\\src\\app.js": {"path":"C:\\Users\\17and\\Desktop\\trabalho Sergio\\GCEIC26\\api\\src\\app.js","statementMap":{"0":{"start":{"line":1,"column":16},"end":{"line":1,"column":34}},"1":{"start":{"line":2,"column":16},"end":{"line":2,"column":31}},"2":{"start":{"line":3,"column":16},"end":{"line":3,"column":33}},"3":{"start":{"line":5,"column":12},"end":{"line":5,"column":21}},"4":{"start":{"line":7,"column":0},"end":{"line":7,"column":18}},"5":{"start":{"line":8,"column":0},"end":{"line":8,"column":16}},"6":{"start":{"line":9,"column":0},"end":{"line":9,"column":24}},"7":{"start":{"line":13,"column":0},"end":{"line":15,"column":3}},"8":{"start":{"line":14,"column":2},"end":{"line":14,"column":92}},"9":{"start":{"line":17,"column":0},"end":{"line":27,"column":3}},"10":{"start":{"line":18,"column":31},"end":{"line":18,"column":51}},"11":{"start":{"line":19,"column":2},"end":{"line":25,"column":5}},"12":{"start":{"line":30,"column":0},"end":{"line":47,"column":3}},"13":{"start":{"line":31,"column":2},"end":{"line":46,"column":3}},"14":{"start":{"line":32,"column":30},"end":{"line":32,"column":50}},"15":{"start":{"line":33,"column":18},"end":{"line":33,"column":26}},"16":{"start":{"line":34,"column":1},"end":{"line":34,"column":20}},"17":{"start":{"line":36,"column":4},"end":{"line":38,"column":5}},"18":{"start":{"line":37,"column":6},"end":{"line":37,"column":77}},"19":{"start":{"line":40,"column":22},"end":{"line":40,"column":37}},"20":{"start":{"line":41,"column":1},"end":{"line":41,"column":24}},"21":{"start":{"line":42,"column":4},"end":{"line":42,"column":68}},"22":{"start":{"line":44,"column":1},"end":{"line":44,"column":26}},"23":{"start":{"line":45,"column":4},"end":{"line":45,"column":72}},"24":{"start":{"line":50,"column":2},"end":{"line":62,"column":3}},"25":{"start":{"line":51,"column":33},"end":{"line":51,"column":53}},"26":{"start":{"line":52,"column":18},"end":{"line":52,"column":26}},"27":{"start":{"line":54,"column":4},"end":{"line":56,"column":5}},"28":{"start":{"line":55,"column":6},"end":{"line":55,"column":93}},"29":{"start":{"line":58,"column":22},"end":{"line":58,"column":45}},"30":{"start":{"line":59,"column":4},"end":{"line":59,"column":68}},"31":{"start":{"line":61,"column":4},"end":{"line":61,"column":72}},"32":{"start":{"line":66,"column":0},"end":{"line":66,"column":43}},"33":{"start":{"line":67,"column":0},"end":{"line":67,"column":43}},"34":{"start":{"line":69,"column":0},"end":{"line":69,"column":20}}},"fnMap":{"0":{"name":"(anonymous_0)","decl":{"start":{"line":13,"column":19},"end":{"line":13,"column":20}},"loc":{"start":{"line":13,"column":33},"end":{"line":15,"column":1}},"line":13},"1":{"name":"(anonymous_1)","decl":{"start":{"line":17,"column":24},"end":{"line":17,"column":25}},"loc":{"start":{"line":17,"column":38},"end":{"line":27,"column":1}},"line":17},"2":{"name":"(anonymous_2)","decl":{"start":{"line":30,"column":26},"end":{"line":30,"column":27}},"loc":{"start":{"line":30,"column":40},"end":{"line":47,"column":1}},"line":30},"3":{"name":"burgcalcHandler","decl":{"start":{"line":49,"column":9},"end":{"line":49,"column":24}},"loc":{"start":{"line":49,"column":35},"end":{"line":63,"column":1}},"line":49}},"branchMap":{"0":{"loc":{"start":{"line":36,"column":4},"end":{"line":38,"column":5}},"type":"if","locations":[{"start":{"line":36,"column":4},"end":{"line":38,"column":5}},{"start":{},"end":{}}],"line":36},"1":{"loc":{"start":{"line":36,"column":8},"end":{"line":36,"column":43}},"type":"binary-expr","locations":[{"start":{"line":36,"column":8},"end":{"line":36,"column":14}},{"start":{"line":36,"column":18},"end":{"line":36,"column":43}}],"line":36},"2":{"loc":{"start":{"line":54,"column":4},"end":{"line":56,"column":5}},"type":"if","locations":[{"start":{"line":54,"column":4},"end":{"line":56,"column":5}},{"start":{},"end":{}}],"line":54},"3":{"loc":{"start":{"line":54,"column":8},"end":{"line":54,"column":43}},"type":"binary-expr","locations":[{"start":{"line":54,"column":8},"end":{"line":54,"column":14}},{"start":{"line":54,"column":18},"end":{"line":54,"column":43}}],"line":54}},"s":{"0":2,"1":2,"2":2,"3":2,"4":2,"5":2,"6":2,"7":2,"8":1,"9":2,"10":1,"11":1,"12":2,"13":0,"14":0,"15":0,"16":0,"17":0,"18":0,"19":0,"20":0,"21":0,"22":0,"23":0,"24":2,"25":2,"26":2,"27":2,"28":0,"29":2,"30":1,"31":1,"32":2,"33":2,"34":2},"f":{"0":1,"1":1,"2":0,"3":2},"b":{"0":[0,0],"1":[0,0],"2":[0,2],"3":[2,2]},"_coverageSchema":"1a1c01bbd47fc00a2c39e90264f33305004495a9","hash":"f59657c42f0d370f85f0ab4560d8d5c79a232ab0"}
,"C:\\Users\\17and\\Desktop\\trabalho Sergio\\GCEIC26\\api\\src\\funcoes.js": {"path":"C:\\Users\\17and\\Desktop\\trabalho Sergio\\GCEIC26\\api\\src\\funcoes.js","statementMap":{"0":{"start":{"line":3,"column":15},"end":{"line":11,"column":1}},"1":{"start":{"line":13,"column":30},"end":{"line":21,"column":1}},"2":{"start":{"line":25,"column":2},"end":{"line":25,"column":58}},"3":{"start":{"line":25,"column":17},"end":{"line":25,"column":58}},"4":{"start":{"line":26,"column":2},"end":{"line":26,"column":61}},"5":{"start":{"line":26,"column":18},"end":{"line":26,"column":61}},"6":{"start":{"line":27,"column":18},"end":{"line":27,"column":19}},"7":{"start":{"line":28,"column":2},"end":{"line":28,"column":28}},"8":{"start":{"line":29,"column":2},"end":{"line":29,"column":30}},"9":{"start":{"line":34,"column":2},"end":{"line":34,"column":21}},"10":{"start":{"line":35,"column":38},"end":{"line":35,"column":43}},"11":{"start":{"line":36,"column":2},"end":{"line":36,"column":60}},"12":{"start":{"line":36,"column":19},"end":{"line":36,"column":60}},"13":{"start":{"line":37,"column":2},"end":{"line":37,"column":62}},"14":{"start":{"line":37,"column":19},"end":{"line":37,"column":62}},"15":{"start":{"line":38,"column":18},"end":{"line":38,"column":19}},"16":{"start":{"line":39,"column":2},"end":{"line":39,"column":31}},"17":{"start":{"line":40,"column":2},"end":{"line":40,"column":30}},"18":{"start":{"line":45,"column":2},"end":{"line":47,"column":3}},"19":{"start":{"line":46,"column":4},"end":{"line":46,"column":58}},"20":{"start":{"line":49,"column":17},"end":{"line":49,"column":30}},"21":{"start":{"line":51,"column":2},"end":{"line":53,"column":3}},"22":{"start":{"line":52,"column":4},"end":{"line":52,"column":58}},"23":{"start":{"line":55,"column":2},"end":{"line":55,"column":16}},"24":{"start":{"line":59,"column":2},"end":{"line":59,"column":34}},"25":{"start":{"line":63,"column":2},"end":{"line":65,"column":3}},"26":{"start":{"line":64,"column":4},"end":{"line":64,"column":53}},"27":{"start":{"line":67,"column":17},"end":{"line":75,"column":7}},"28":{"start":{"line":68,"column":18},"end":{"line":68,"column":54}},"29":{"start":{"line":70,"column":4},"end":{"line":72,"column":5}},"30":{"start":{"line":71,"column":6},"end":{"line":71,"column":56}},"31":{"start":{"line":74,"column":4},"end":{"line":74,"column":25}},"32":{"start":{"line":77,"column":21},"end":{"line":77,"column":68}},"33":{"start":{"line":78,"column":22},"end":{"line":78,"column":71}},"34":{"start":{"line":80,"column":2},"end":{"line":82,"column":3}},"35":{"start":{"line":81,"column":4},"end":{"line":81,"column":58}},"36":{"start":{"line":84,"column":2},"end":{"line":86,"column":3}},"37":{"start":{"line":85,"column":4},"end":{"line":85,"column":57}},"38":{"start":{"line":88,"column":21},"end":{"line":88,"column":27}},"39":{"start":{"line":89,"column":24},"end":{"line":89,"column":47}},"40":{"start":{"line":90,"column":29},"end":{"line":90,"column":70}},"41":{"start":{"line":91,"column":34},"end":{"line":91,"column":68}},"42":{"start":{"line":93,"column":2},"end":{"line":98,"column":4}},"43":{"start":{"line":102,"column":0},"end":{"line":107,"column":2}}},"fnMap":{"0":{"name":"calcularArea","decl":{"start":{"line":23,"column":9},"end":{"line":23,"column":21}},"loc":{"start":{"line":23,"column":35},"end":{"line":31,"column":1}},"line":23},"1":{"name":"calcular","decl":{"start":{"line":33,"column":9},"end":{"line":33,"column":17}},"loc":{"start":{"line":33,"column":25},"end":{"line":42,"column":1}},"line":33},"2":{"name":"converterNumero","decl":{"start":{"line":44,"column":9},"end":{"line":44,"column":24}},"loc":{"start":{"line":44,"column":39},"end":{"line":56,"column":1}},"line":44},"3":{"name":"arredondarMoeda","decl":{"start":{"line":58,"column":9},"end":{"line":58,"column":24}},"loc":{"start":{"line":58,"column":32},"end":{"line":60,"column":1}},"line":58},"4":{"name":"calcularBurgcalc","decl":{"start":{"line":62,"column":9},"end":{"line":62,"column":25}},"loc":{"start":{"line":62,"column":33},"end":{"line":99,"column":1}},"line":62},"5":{"name":"(anonymous_5)","decl":{"start":{"line":67,"column":46},"end":{"line":67,"column":47}},"loc":{"start":{"line":67,"column":64},"end":{"line":75,"column":3}},"line":67}},"branchMap":{"0":{"loc":{"start":{"line":25,"column":2},"end":{"line":25,"column":58}},"type":"if","locations":[{"start":{"line":25,"column":2},"end":{"line":25,"column":58}},{"start":{},"end":{}}],"line":25},"1":{"loc":{"start":{"line":26,"column":2},"end":{"line":26,"column":61}},"type":"if","locations":[{"start":{"line":26,"column":2},"end":{"line":26,"column":61}},{"start":{},"end":{}}],"line":26},"2":{"loc":{"start":{"line":35,"column":9},"end":{"line":35,"column":19}},"type":"default-arg","locations":[{"start":{"line":35,"column":18},"end":{"line":35,"column":19}}],"line":35},"3":{"loc":{"start":{"line":35,"column":21},"end":{"line":35,"column":32}},"type":"default-arg","locations":[{"start":{"line":35,"column":31},"end":{"line":35,"column":32}}],"line":35},"4":{"loc":{"start":{"line":36,"column":2},"end":{"line":36,"column":60}},"type":"if","locations":[{"start":{"line":36,"column":2},"end":{"line":36,"column":60}},{"start":{},"end":{}}],"line":36},"5":{"loc":{"start":{"line":37,"column":2},"end":{"line":37,"column":62}},"type":"if","locations":[{"start":{"line":37,"column":2},"end":{"line":37,"column":62}},{"start":{},"end":{}}],"line":37},"6":{"loc":{"start":{"line":45,"column":2},"end":{"line":47,"column":3}},"type":"if","locations":[{"start":{"line":45,"column":2},"end":{"line":47,"column":3}},{"start":{},"end":{}}],"line":45},"7":{"loc":{"start":{"line":45,"column":6},"end":{"line":45,"column":54}},"type":"binary-expr","locations":[{"start":{"line":45,"column":6},"end":{"line":45,"column":31}},{"start":{"line":45,"column":35},"end":{"line":45,"column":54}}],"line":45},"8":{"loc":{"start":{"line":51,"column":2},"end":{"line":53,"column":3}},"type":"if","locations":[{"start":{"line":51,"column":2},"end":{"line":53,"column":3}},{"start":{},"end":{}}],"line":51},"9":{"loc":{"start":{"line":63,"column":2},"end":{"line":65,"column":3}},"type":"if","locations":[{"start":{"line":63,"column":2},"end":{"line":65,"column":3}},{"start":{},"end":{}}],"line":63},"10":{"loc":{"start":{"line":63,"column":6},"end":{"line":63,"column":65}},"type":"binary-expr","locations":[{"start":{"line":63,"column":6},"end":{"line":63,"column":12}},{"start":{"line":63,"column":16},"end":{"line":63,"column":41}},{"start":{"line":63,"column":45},"end":{"line":63,"column":65}}],"line":63},"11":{"loc":{"start":{"line":70,"column":4},"end":{"line":72,"column":5}},"type":"if","locations":[{"start":{"line":70,"column":4},"end":{"line":72,"column":5}},{"start":{},"end":{}}],"line":70},"12":{"loc":{"start":{"line":80,"column":2},"end":{"line":82,"column":3}},"type":"if","locations":[{"start":{"line":80,"column":2},"end":{"line":82,"column":3}},{"start":{},"end":{}}],"line":80},"13":{"loc":{"start":{"line":84,"column":2},"end":{"line":86,"column":3}},"type":"if","locations":[{"start":{"line":84,"column":2},"end":{"line":86,"column":3}},{"start":{},"end":{}}],"line":84}},"s":{"0":3,"1":3,"2":4,"3":2,"4":2,"5":1,"6":1,"7":1,"8":1,"9":0,"10":0,"11":0,"12":0,"13":0,"14":0,"15":0,"16":0,"17":0,"18":55,"19":0,"20":55,"21":55,"22":1,"23":54,"24":8,"25":7,"26":0,"27":7,"28":43,"29":42,"30":0,"31":42,"32":6,"33":6,"34":6,"35":3,"36":3,"37":1,"38":2,"39":2,"40":2,"41":2,"42":2,"43":3},"f":{"0":4,"1":0,"2":55,"3":8,"4":7,"5":43},"b":{"0":[2,2],"1":[1,1],"2":[0],"3":[0],"4":[0,0],"5":[0,0],"6":[0,55],"7":[55,1],"8":[1,54],"9":[0,7],"10":[7,7,7],"11":[0,42],"12":[3,3],"13":[1,2]},"_coverageSchema":"1a1c01bbd47fc00a2c39e90264f33305004495a9","hash":"345e99a5ac7bdb2d6bca978cdaab519079db22ce"}
}
