TN:
SF:src\app.js
FN:13,(anonymous_0)
FN:17,(anonymous_1)
FN:30,(anonymous_2)
FN:49,burgcalcHandler
FNF:4
FNH:3
FNDA:1,(anonymous_0)
FNDA:1,(anonymous_1)
FNDA:0,(anonymous_2)
FNDA:2,burgcalcHandler
DA:1,2
DA:2,2
DA:3,2
DA:5,2
DA:7,2
DA:8,2
DA:9,2
DA:13,2
DA:14,1
DA:17,2
DA:18,1
DA:19,1
DA:30,2
DA:31,0
DA:32,0
DA:33,0
DA:34,0
DA:36,0
DA:37,0
DA:40,0
DA:41,0
DA:42,0
DA:44,0
DA:45,0
DA:50,2
DA:51,2
DA:52,2
DA:54,2
DA:55,0
DA:58,2
DA:59,1
DA:61,1
DA:66,2
DA:67,2
DA:69,2
LF:35
LH:23
BRDA:36,0,0,0
BRDA:36,0,1,0
BRDA:36,1,0,0
BRDA:36,1,1,0
BRDA:54,2,0,0
BRDA:54,2,1,2
BRDA:54,3,0,2
BRDA:54,3,1,2
BRF:8
BRH:3
end_of_record
TN:
SF:src\funcoes.js
FN:23,calcularArea
FN:33,calcular
FN:44,converterNumero
FN:58,arredondarMoeda
FN:62,calcularBurgcalc
FN:67,(anonymous_5)
FNF:6
FNH:5
FNDA:4,calcularArea
FNDA:0,calcular
FNDA:55,converterNumero
FNDA:8,arredondarMoeda
FNDA:7,calcularBurgcalc
FNDA:43,(anonymous_5)
DA:3,3
DA:13,3
DA:25,4
DA:26,2
DA:27,1
DA:28,1
DA:29,1
DA:34,0
DA:35,0
DA:36,0
DA:37,0
DA:38,0
DA:39,0
DA:40,0
DA:45,55
DA:46,0
DA:49,55
DA:51,55
DA:52,1
DA:55,54
DA:59,8
DA:63,7
DA:64,0
DA:67,7
DA:68,43
DA:70,42
DA:71,0
DA:74,42
DA:77,6
DA:78,6
DA:80,6
DA:81,3
DA:84,3
DA:85,1
DA:88,2
DA:89,2
DA:90,2
DA:91,2
DA:93,2
DA:102,3
LF:40
LH:30
BRDA:25,0,0,2
BRDA:25,0,1,2
BRDA:26,1,0,1
BRDA:26,1,1,1
BRDA:35,2,0,0
BRDA:35,3,0,0
BRDA:36,4,0,0
BRDA:36,4,1,0
BRDA:37,5,0,0
BRDA:37,5,1,0
BRDA:45,6,0,0
BRDA:45,6,1,55
BRDA:45,7,0,55
BRDA:45,7,1,1
BRDA:51,8,0,1
BRDA:51,8,1,54
BRDA:63,9,0,0
BRDA:63,9,1,7
BRDA:63,10,0,7
BRDA:63,10,1,7
BRDA:63,10,2,7
BRDA:70,11,0,0
BRDA:70,11,1,42
BRDA:80,12,0,3
BRDA:80,12,1,3
BRDA:84,13,0,1
BRDA:84,13,1,2
BRF:27
BRH:18
end_of_record
